[19:26:42.154] Global cache location '/Users/rob/Library/Caches/typescript/4.6', safe file path '/users/rob/projects/map_example/node_modules/typescript/lib/typingsafelist.json', types map path /users/rob/projects/map_example/node_modules/typescript/lib/typesmap.json
[19:26:42.155] Processing cache location '/Users/rob/Library/Caches/typescript/4.6'
[19:26:42.156] Trying to find '/Users/rob/Library/Caches/typescript/4.6/package.json'...
[19:26:42.156] Finished processing cache location '/Users/rob/Library/Caches/typescript/4.6'
[19:26:42.156] Process id: 34242
[19:26:42.156] NPM location: /opt/homebrew/Cellar/node/17.4.0/bin/npm (explicit '--npmLocation' not  provided)
[19:26:42.156] validateDefaultNpmLocation: false
[19:26:42.157] Npm config file: /Users/rob/Library/Caches/typescript/4.6/package.json
[19:26:42.157] Updating types-registry npm package...
[19:26:42.157] Exec: /opt/homebrew/Cellar/node/17.4.0/bin/npm install --ignore-scripts types-registry@latest
[19:26:42.163]     Failed. stdout:
    stderr:
    /bin/sh: /opt/homebrew/Cellar/node/17.4.0/bin/npm: No such file or directory
    
[19:26:42.163] Updated types-registry npm package
[19:26:42.164] Types registry file '/Users/rob/Library/Caches/typescript/4.6/node_modules/types-registry/index.json' does not exist
[19:26:42.828] Got install request {"projectName":"/dev/null/inferredProject1*","fileNames":["/Users/rob/projects/map_example/node_modules/typescript/lib/lib.es5.d.ts","/Users/rob/projects/map_example/node_modules/typescript/lib/lib.es2015.d.ts","/Users/rob/projects/map_example/node_modules/typescript/lib/lib.es2016.d.ts","/Users/rob/projects/map_example/node_modules/typescript/lib/lib.dom.d.ts","/Users/rob/projects/map_example/node_modules/typescript/lib/lib.dom.iterable.d.ts","/Users/rob/projects/map_example/node_modules/typescript/lib/lib.webworker.importscripts.d.ts","/Users/rob/projects/map_example/node_modules/typescript/lib/lib.scripthost.d.ts","/Users/rob/projects/map_example/node_modules/typescript/lib/lib.es2015.core.d.ts","/Users/rob/projects/map_example/node_modules/typescript/lib/lib.es2015.collection.d.ts","/Users/rob/projects/map_example/node_modules/typescript/lib/lib.es2015.generator.d.ts","/Users/rob/projects/map_example/node_modules/typescript/lib/lib.es2015.iterable.d.ts","/Users/rob/projects/map_example/node_modules/typescript/lib/lib.es2015.promise.d.ts","/Users/rob/projects/map_example/node_modules/typescript/lib/lib.es2015.proxy.d.ts","/Users/rob/projects/map_example/node_modules/typescript/lib/lib.es2015.reflect.d.ts","/Users/rob/projects/map_example/node_modules/typescript/lib/lib.es2015.symbol.d.ts","/Users/rob/projects/map_example/node_modules/typescript/lib/lib.es2015.symbol.wellknown.d.ts","/Users/rob/projects/map_example/node_modules/typescript/lib/lib.es2016.array.include.d.ts","/Users/rob/projects/map_example/node_modules/typescript/lib/lib.es2016.full.d.ts","/Users/rob/projects/map_example/src/pin.js"],"compilerOptions":{"module":1,"target":3,"jsx":1,"allowJs":true,"allowSyntheticDefaultImports":true,"allowNonTsExtensions":true,"noEmitForJsFiles":true,"maxNodeModuleJsDepth":2},"typeAcquisition":{"enable":true,"include":[],"exclude":[]},"unresolvedImports":[],"projectRootPath":"/Users/rob/projects/map_example/src","kind":"discover"}
[19:26:42.837] Loaded safelist from types map file '/users/rob/projects/map_example/node_modules/typescript/lib/typesmap.json'
[19:26:42.838] Explicitly included types: []
[19:26:42.838] Inferred typings from unresolved imports: []
[19:26:42.838] Result: {"cachedTypingPaths":[],"newTypingNames":[],"filesToWatch":["/Users/rob/projects/map_example/src/bower_components","/Users/rob/projects/map_example/src/node_modules"]}
[19:26:42.838] Finished typings discovery: {"cachedTypingPaths":[],"newTypingNames":[],"filesToWatch":["/Users/rob/projects/map_example/src/bower_components","/Users/rob/projects/map_example/src/node_modules"]}
[19:26:42.839] DirectoryWatcher:: Added:: WatchInfo: /Users/rob/projects/map_example/src/bower_components
[19:26:42.839] DirectoryWatcher:: Added:: WatchInfo: /Users/rob/projects/map_example/src/bower_components 1 undefined Project: /dev/null/inferredProject1* watcher already invoked: false
[19:26:42.839] Elapsed:: 0.36929094791412354ms DirectoryWatcher:: Added:: WatchInfo: /Users/rob/projects/map_example/src/bower_components 1 undefined Project: /dev/null/inferredProject1* watcher already invoked: false
[19:26:42.839] DirectoryWatcher:: Added:: WatchInfo: /Users/rob/projects/map_example/src/node_modules
[19:26:42.839] DirectoryWatcher:: Added:: WatchInfo: /Users/rob/projects/map_example/src/node_modules 1 undefined Project: /dev/null/inferredProject1* watcher already invoked: false
[19:26:42.839] Elapsed:: 0.033625006675720215ms DirectoryWatcher:: Added:: WatchInfo: /Users/rob/projects/map_example/src/node_modules 1 undefined Project: /dev/null/inferredProject1* watcher already invoked: false
[19:26:42.839] Sending response:
    {"projectName":"/dev/null/inferredProject1*","typeAcquisition":{"enable":true,"include":[],"exclude":[]},"compilerOptions":{"module":1,"target":3,"jsx":1,"allowJs":true,"allowSyntheticDefaultImports":true,"allowNonTsExtensions":true,"noEmitForJsFiles":true,"maxNodeModuleJsDepth":2},"typings":[],"unresolvedImports":[],"kind":"action::set"}
[19:26:42.840] Response has been sent.
[19:26:42.840] No new typings were requested as a result of typings discovery
[22:11:39.264] Got install request {"projectName":"/dev/null/inferredProject2*","fileNames":["/Users/rob/projects/map_example/node_modules/typescript/lib/lib.es5.d.ts","/Users/rob/projects/map_example/node_modules/typescript/lib/lib.es2015.d.ts","/Users/rob/projects/map_example/node_modules/typescript/lib/lib.es2016.d.ts","/Users/rob/projects/map_example/node_modules/typescript/lib/lib.dom.d.ts","/Users/rob/projects/map_example/node_modules/typescript/lib/lib.dom.iterable.d.ts","/Users/rob/projects/map_example/node_modules/typescript/lib/lib.webworker.importscripts.d.ts","/Users/rob/projects/map_example/node_modules/typescript/lib/lib.scripthost.d.ts","/Users/rob/projects/map_example/node_modules/typescript/lib/lib.es2015.core.d.ts","/Users/rob/projects/map_example/node_modules/typescript/lib/lib.es2015.collection.d.ts","/Users/rob/projects/map_example/node_modules/typescript/lib/lib.es2015.generator.d.ts","/Users/rob/projects/map_example/node_modules/typescript/lib/lib.es2015.iterable.d.ts","/Users/rob/projects/map_example/node_modules/typescript/lib/lib.es2015.promise.d.ts","/Users/rob/projects/map_example/node_modules/typescript/lib/lib.es2015.proxy.d.ts","/Users/rob/projects/map_example/node_modules/typescript/lib/lib.es2015.reflect.d.ts","/Users/rob/projects/map_example/node_modules/typescript/lib/lib.es2015.symbol.d.ts","/Users/rob/projects/map_example/node_modules/typescript/lib/lib.es2015.symbol.wellknown.d.ts","/Users/rob/projects/map_example/node_modules/typescript/lib/lib.es2016.array.include.d.ts","/Users/rob/projects/map_example/node_modules/typescript/lib/lib.es2016.full.d.ts","/Users/rob/projects/map_example/src/pin.js","/Users/rob/projects/map_example/src/App.js","/Users/rob/projects/map_example/src/reportWebVitals.js","/Users/rob/projects/map_example/src/index.js"],"compilerOptions":{"module":1,"target":3,"jsx":1,"allowJs":true,"allowSyntheticDefaultImports":true,"allowNonTsExtensions":true,"noEmitForJsFiles":true,"maxNodeModuleJsDepth":2},"typeAcquisition":{"enable":true,"include":[],"exclude":[]},"unresolvedImports":[],"projectRootPath":"/Users/rob/projects/map_example/src","kind":"discover"}
[22:11:39.265] Explicitly included types: []
[22:11:39.266] Inferred typings from unresolved imports: []
[22:11:39.266] Result: {"cachedTypingPaths":[],"newTypingNames":[],"filesToWatch":["/Users/rob/projects/map_example/src/bower_components","/Users/rob/projects/map_example/src/node_modules"]}
[22:11:39.266] Finished typings discovery: {"cachedTypingPaths":[],"newTypingNames":[],"filesToWatch":["/Users/rob/projects/map_example/src/bower_components","/Users/rob/projects/map_example/src/node_modules"]}
[22:11:39.266] DirectoryWatcher:: Added:: WatchInfo: /Users/rob/projects/map_example/src/bower_components
[22:11:39.266] DirectoryWatcher:: Added:: WatchInfo: /Users/rob/projects/map_example/src/bower_components 1 undefined Project: /dev/null/inferredProject2* watcher already invoked: false
[22:11:39.266] Elapsed:: 0.041333913803100586ms DirectoryWatcher:: Added:: WatchInfo: /Users/rob/projects/map_example/src/bower_components 1 undefined Project: /dev/null/inferredProject2* watcher already invoked: false
[22:11:39.267] DirectoryWatcher:: Added:: WatchInfo: /Users/rob/projects/map_example/src/node_modules
[22:11:39.267] DirectoryWatcher:: Added:: WatchInfo: /Users/rob/projects/map_example/src/node_modules 1 undefined Project: /dev/null/inferredProject2* watcher already invoked: false
[22:11:39.267] Elapsed:: 0.0157090425491333ms DirectoryWatcher:: Added:: WatchInfo: /Users/rob/projects/map_example/src/node_modules 1 undefined Project: /dev/null/inferredProject2* watcher already invoked: false
[22:11:39.267] Sending response:
    {"projectName":"/dev/null/inferredProject2*","typeAcquisition":{"enable":true,"include":[],"exclude":[]},"compilerOptions":{"module":1,"target":3,"jsx":1,"allowJs":true,"allowSyntheticDefaultImports":true,"allowNonTsExtensions":true,"noEmitForJsFiles":true,"maxNodeModuleJsDepth":2},"typings":[],"unresolvedImports":[],"kind":"action::set"}
[22:11:39.267] Response has been sent.
[22:11:39.267] No new typings were requested as a result of typings discovery
[11:12:26.888] Got install request {"projectName":"/dev/null/inferredProject2*","fileNames":["/Users/rob/projects/map_example/node_modules/typescript/lib/lib.es5.d.ts","/Users/rob/projects/map_example/node_modules/typescript/lib/lib.es2015.d.ts","/Users/rob/projects/map_example/node_modules/typescript/lib/lib.es2016.d.ts","/Users/rob/projects/map_example/node_modules/typescript/lib/lib.dom.d.ts","/Users/rob/projects/map_example/node_modules/typescript/lib/lib.dom.iterable.d.ts","/Users/rob/projects/map_example/node_modules/typescript/lib/lib.webworker.importscripts.d.ts","/Users/rob/projects/map_example/node_modules/typescript/lib/lib.scripthost.d.ts","/Users/rob/projects/map_example/node_modules/typescript/lib/lib.es2015.core.d.ts","/Users/rob/projects/map_example/node_modules/typescript/lib/lib.es2015.collection.d.ts","/Users/rob/projects/map_example/node_modules/typescript/lib/lib.es2015.generator.d.ts","/Users/rob/projects/map_example/node_modules/typescript/lib/lib.es2015.iterable.d.ts","/Users/rob/projects/map_example/node_modules/typescript/lib/lib.es2015.promise.d.ts","/Users/rob/projects/map_example/node_modules/typescript/lib/lib.es2015.proxy.d.ts","/Users/rob/projects/map_example/node_modules/typescript/lib/lib.es2015.reflect.d.ts","/Users/rob/projects/map_example/node_modules/typescript/lib/lib.es2015.symbol.d.ts","/Users/rob/projects/map_example/node_modules/typescript/lib/lib.es2015.symbol.wellknown.d.ts","/Users/rob/projects/map_example/node_modules/typescript/lib/lib.es2016.array.include.d.ts","/Users/rob/projects/map_example/node_modules/typescript/lib/lib.es2016.full.d.ts","/Users/rob/projects/map_example/src/pin.js","/Users/rob/projects/map_example/src/App.js","/Users/rob/projects/map_example/src/reportWebVitals.js","/Users/rob/projects/map_example/src/index.js"],"compilerOptions":{"module":1,"target":3,"jsx":1,"allowJs":true,"allowSyntheticDefaultImports":true,"allowNonTsExtensions":true,"noEmitForJsFiles":true,"maxNodeModuleJsDepth":2},"typeAcquisition":{"enable":true,"include":[],"exclude":[]},"unresolvedImports":["react-mapbox-gl"],"projectRootPath":"/Users/rob/projects/map_example/src","kind":"discover"}
[11:12:26.889] Explicitly included types: []
[11:12:26.889] Inferred typings from unresolved imports: ["react-mapbox-gl"]
[11:12:26.890] Result: {"cachedTypingPaths":[],"newTypingNames":["react-mapbox-gl"],"filesToWatch":["/Users/rob/projects/map_example/src/bower_components","/Users/rob/projects/map_example/src/node_modules"]}
[11:12:26.890] Finished typings discovery: {"cachedTypingPaths":[],"newTypingNames":["react-mapbox-gl"],"filesToWatch":["/Users/rob/projects/map_example/src/bower_components","/Users/rob/projects/map_example/src/node_modules"]}
[11:12:26.890] Installing typings ["react-mapbox-gl"]
[11:12:26.890] 'react-mapbox-gl':: Entry for package 'react-mapbox-gl' does not exist in local types registry - skipping...
[11:12:26.890] All typings are known to be missing or invalid - no need to install more typings
[11:12:26.890] Sending response:
    {"projectName":"/dev/null/inferredProject2*","typeAcquisition":{"enable":true,"include":[],"exclude":[]},"compilerOptions":{"module":1,"target":3,"jsx":1,"allowJs":true,"allowSyntheticDefaultImports":true,"allowNonTsExtensions":true,"noEmitForJsFiles":true,"maxNodeModuleJsDepth":2},"typings":[],"unresolvedImports":["react-mapbox-gl"],"kind":"action::set"}
[11:12:26.890] Response has been sent.
[12:09:21.428] Got install request {"projectName":"/dev/null/inferredProject2*","fileNames":["/Users/rob/projects/map_example/node_modules/typescript/lib/lib.es5.d.ts","/Users/rob/projects/map_example/node_modules/typescript/lib/lib.es2015.d.ts","/Users/rob/projects/map_example/node_modules/typescript/lib/lib.es2016.d.ts","/Users/rob/projects/map_example/node_modules/typescript/lib/lib.dom.d.ts","/Users/rob/projects/map_example/node_modules/typescript/lib/lib.dom.iterable.d.ts","/Users/rob/projects/map_example/node_modules/typescript/lib/lib.webworker.importscripts.d.ts","/Users/rob/projects/map_example/node_modules/typescript/lib/lib.scripthost.d.ts","/Users/rob/projects/map_example/node_modules/typescript/lib/lib.es2015.core.d.ts","/Users/rob/projects/map_example/node_modules/typescript/lib/lib.es2015.collection.d.ts","/Users/rob/projects/map_example/node_modules/typescript/lib/lib.es2015.generator.d.ts","/Users/rob/projects/map_example/node_modules/typescript/lib/lib.es2015.iterable.d.ts","/Users/rob/projects/map_example/node_modules/typescript/lib/lib.es2015.promise.d.ts","/Users/rob/projects/map_example/node_modules/typescript/lib/lib.es2015.proxy.d.ts","/Users/rob/projects/map_example/node_modules/typescript/lib/lib.es2015.reflect.d.ts","/Users/rob/projects/map_example/node_modules/typescript/lib/lib.es2015.symbol.d.ts","/Users/rob/projects/map_example/node_modules/typescript/lib/lib.es2015.symbol.wellknown.d.ts","/Users/rob/projects/map_example/node_modules/typescript/lib/lib.es2016.array.include.d.ts","/Users/rob/projects/map_example/node_modules/typescript/lib/lib.es2016.full.d.ts","/Users/rob/projects/map_example/src/pin.js","/Users/rob/projects/map_example/src/App.js","/Users/rob/projects/map_example/src/reportWebVitals.js","/Users/rob/projects/map_example/src/index.js"],"compilerOptions":{"module":1,"target":3,"jsx":1,"allowJs":true,"allowSyntheticDefaultImports":true,"allowNonTsExtensions":true,"noEmitForJsFiles":true,"maxNodeModuleJsDepth":2},"typeAcquisition":{"enable":true,"include":[],"exclude":[]},"unresolvedImports":["mapbox-gl"],"projectRootPath":"/Users/rob/projects/map_example/src","kind":"discover"}
[12:09:21.429] Explicitly included types: []
[12:09:21.430] Inferred typings from unresolved imports: ["mapbox-gl"]
[12:09:21.430] Result: {"cachedTypingPaths":[],"newTypingNames":["mapbox-gl"],"filesToWatch":["/Users/rob/projects/map_example/src/bower_components","/Users/rob/projects/map_example/src/node_modules"]}
[12:09:21.430] Finished typings discovery: {"cachedTypingPaths":[],"newTypingNames":["mapbox-gl"],"filesToWatch":["/Users/rob/projects/map_example/src/bower_components","/Users/rob/projects/map_example/src/node_modules"]}
[12:09:21.430] Installing typings ["mapbox-gl"]
[12:09:21.431] 'mapbox-gl':: Entry for package 'mapbox-gl' does not exist in local types registry - skipping...
[12:09:21.431] All typings are known to be missing or invalid - no need to install more typings
[12:09:21.431] Sending response:
    {"projectName":"/dev/null/inferredProject2*","typeAcquisition":{"enable":true,"include":[],"exclude":[]},"compilerOptions":{"module":1,"target":3,"jsx":1,"allowJs":true,"allowSyntheticDefaultImports":true,"allowNonTsExtensions":true,"noEmitForJsFiles":true,"maxNodeModuleJsDepth":2},"typings":[],"unresolvedImports":["mapbox-gl"],"kind":"action::set"}
[12:09:21.431] Response has been sent.
[10:18:41.095] Got install request {"projectName":"/dev/null/inferredProject2*","fileNames":["/Users/rob/projects/map_example/node_modules/typescript/lib/lib.es5.d.ts","/Users/rob/projects/map_example/node_modules/typescript/lib/lib.es2015.d.ts","/Users/rob/projects/map_example/node_modules/typescript/lib/lib.es2016.d.ts","/Users/rob/projects/map_example/node_modules/typescript/lib/lib.dom.d.ts","/Users/rob/projects/map_example/node_modules/typescript/lib/lib.dom.iterable.d.ts","/Users/rob/projects/map_example/node_modules/typescript/lib/lib.webworker.importscripts.d.ts","/Users/rob/projects/map_example/node_modules/typescript/lib/lib.scripthost.d.ts","/Users/rob/projects/map_example/node_modules/typescript/lib/lib.es2015.core.d.ts","/Users/rob/projects/map_example/node_modules/typescript/lib/lib.es2015.collection.d.ts","/Users/rob/projects/map_example/node_modules/typescript/lib/lib.es2015.generator.d.ts","/Users/rob/projects/map_example/node_modules/typescript/lib/lib.es2015.iterable.d.ts","/Users/rob/projects/map_example/node_modules/typescript/lib/lib.es2015.promise.d.ts","/Users/rob/projects/map_example/node_modules/typescript/lib/lib.es2015.proxy.d.ts","/Users/rob/projects/map_example/node_modules/typescript/lib/lib.es2015.reflect.d.ts","/Users/rob/projects/map_example/node_modules/typescript/lib/lib.es2015.symbol.d.ts","/Users/rob/projects/map_example/node_modules/typescript/lib/lib.es2015.symbol.wellknown.d.ts","/Users/rob/projects/map_example/node_modules/typescript/lib/lib.es2016.array.include.d.ts","/Users/rob/projects/map_example/node_modules/typescript/lib/lib.es2016.full.d.ts","/Users/rob/projects/map_example/src/pin.js","/Users/rob/projects/map_example/src/App.js","/Users/rob/projects/map_example/src/reportWebVitals.js","/Users/rob/projects/map_example/src/index.js"],"compilerOptions":{"module":1,"target":3,"jsx":1,"allowJs":true,"allowSyntheticDefaultImports":true,"allowNonTsExtensions":true,"noEmitForJsFiles":true,"maxNodeModuleJsDepth":2},"typeAcquisition":{"enable":true,"include":[],"exclude":[]},"unresolvedImports":["react-map-gl-geocoder"],"projectRootPath":"/Users/rob/projects/map_example/src","kind":"discover"}
[10:18:41.097] Explicitly included types: []
[10:18:41.098] Inferred typings from unresolved imports: ["react-map-gl-geocoder"]
[10:18:41.098] Result: {"cachedTypingPaths":[],"newTypingNames":["react-map-gl-geocoder"],"filesToWatch":["/Users/rob/projects/map_example/src/bower_components","/Users/rob/projects/map_example/src/node_modules"]}
[10:18:41.098] Finished typings discovery: {"cachedTypingPaths":[],"newTypingNames":["react-map-gl-geocoder"],"filesToWatch":["/Users/rob/projects/map_example/src/bower_components","/Users/rob/projects/map_example/src/node_modules"]}
[10:18:41.098] Installing typings ["react-map-gl-geocoder"]
[10:18:41.098] 'react-map-gl-geocoder':: Entry for package 'react-map-gl-geocoder' does not exist in local types registry - skipping...
[10:18:41.098] All typings are known to be missing or invalid - no need to install more typings
[10:18:41.098] Sending response:
    {"projectName":"/dev/null/inferredProject2*","typeAcquisition":{"enable":true,"include":[],"exclude":[]},"compilerOptions":{"module":1,"target":3,"jsx":1,"allowJs":true,"allowSyntheticDefaultImports":true,"allowNonTsExtensions":true,"noEmitForJsFiles":true,"maxNodeModuleJsDepth":2},"typings":[],"unresolvedImports":["react-map-gl-geocoder"],"kind":"action::set"}
[10:18:41.099] Response has been sent.
[11:40:01.663] Got install request {"projectName":"/dev/null/inferredProject2*","fileNames":["/Users/rob/projects/map_example/node_modules/typescript/lib/lib.es5.d.ts","/Users/rob/projects/map_example/node_modules/typescript/lib/lib.es2015.d.ts","/Users/rob/projects/map_example/node_modules/typescript/lib/lib.es2016.d.ts","/Users/rob/projects/map_example/node_modules/typescript/lib/lib.dom.d.ts","/Users/rob/projects/map_example/node_modules/typescript/lib/lib.dom.iterable.d.ts","/Users/rob/projects/map_example/node_modules/typescript/lib/lib.webworker.importscripts.d.ts","/Users/rob/projects/map_example/node_modules/typescript/lib/lib.scripthost.d.ts","/Users/rob/projects/map_example/node_modules/typescript/lib/lib.es2015.core.d.ts","/Users/rob/projects/map_example/node_modules/typescript/lib/lib.es2015.collection.d.ts","/Users/rob/projects/map_example/node_modules/typescript/lib/lib.es2015.generator.d.ts","/Users/rob/projects/map_example/node_modules/typescript/lib/lib.es2015.iterable.d.ts","/Users/rob/projects/map_example/node_modules/typescript/lib/lib.es2015.promise.d.ts","/Users/rob/projects/map_example/node_modules/typescript/lib/lib.es2015.proxy.d.ts","/Users/rob/projects/map_example/node_modules/typescript/lib/lib.es2015.reflect.d.ts","/Users/rob/projects/map_example/node_modules/typescript/lib/lib.es2015.symbol.d.ts","/Users/rob/projects/map_example/node_modules/typescript/lib/lib.es2015.symbol.wellknown.d.ts","/Users/rob/projects/map_example/node_modules/typescript/lib/lib.es2016.array.include.d.ts","/Users/rob/projects/map_example/node_modules/typescript/lib/lib.es2016.full.d.ts","/Users/rob/projects/map_example/src/pin.js","/Users/rob/projects/map_example/src/App.js","/Users/rob/projects/map_example/src/reportWebVitals.js","/Users/rob/projects/map_example/src/index.js"],"compilerOptions":{"module":1,"target":3,"jsx":1,"allowJs":true,"allowSyntheticDefaultImports":true,"allowNonTsExtensions":true,"noEmitForJsFiles":true,"maxNodeModuleJsDepth":2},"typeAcquisition":{"enable":true,"include":[],"exclude":[]},"unresolvedImports":[],"projectRootPath":"/Users/rob/projects/map_example/src","kind":"discover"}
[11:40:01.664] Explicitly included types: []
[11:40:01.664] Inferred typings from unresolved imports: []
[11:40:01.664] Result: {"cachedTypingPaths":[],"newTypingNames":[],"filesToWatch":["/Users/rob/projects/map_example/src/bower_components","/Users/rob/projects/map_example/src/node_modules"]}
[11:40:01.664] Finished typings discovery: {"cachedTypingPaths":[],"newTypingNames":[],"filesToWatch":["/Users/rob/projects/map_example/src/bower_components","/Users/rob/projects/map_example/src/node_modules"]}
[11:40:01.664] Sending response:
    {"projectName":"/dev/null/inferredProject2*","typeAcquisition":{"enable":true,"include":[],"exclude":[]},"compilerOptions":{"module":1,"target":3,"jsx":1,"allowJs":true,"allowSyntheticDefaultImports":true,"allowNonTsExtensions":true,"noEmitForJsFiles":true,"maxNodeModuleJsDepth":2},"typings":[],"unresolvedImports":[],"kind":"action::set"}
[11:40:01.664] Response has been sent.
[11:40:01.664] No new typings were requested as a result of typings discovery
[11:57:13.933] Got install request {"projectName":"/dev/null/inferredProject2*","fileNames":["/Users/rob/projects/map_example/node_modules/typescript/lib/lib.es5.d.ts","/Users/rob/projects/map_example/node_modules/typescript/lib/lib.es2015.d.ts","/Users/rob/projects/map_example/node_modules/typescript/lib/lib.es2016.d.ts","/Users/rob/projects/map_example/node_modules/typescript/lib/lib.dom.d.ts","/Users/rob/projects/map_example/node_modules/typescript/lib/lib.dom.iterable.d.ts","/Users/rob/projects/map_example/node_modules/typescript/lib/lib.webworker.importscripts.d.ts","/Users/rob/projects/map_example/node_modules/typescript/lib/lib.scripthost.d.ts","/Users/rob/projects/map_example/node_modules/typescript/lib/lib.es2015.core.d.ts","/Users/rob/projects/map_example/node_modules/typescript/lib/lib.es2015.collection.d.ts","/Users/rob/projects/map_example/node_modules/typescript/lib/lib.es2015.generator.d.ts","/Users/rob/projects/map_example/node_modules/typescript/lib/lib.es2015.iterable.d.ts","/Users/rob/projects/map_example/node_modules/typescript/lib/lib.es2015.promise.d.ts","/Users/rob/projects/map_example/node_modules/typescript/lib/lib.es2015.proxy.d.ts","/Users/rob/projects/map_example/node_modules/typescript/lib/lib.es2015.reflect.d.ts","/Users/rob/projects/map_example/node_modules/typescript/lib/lib.es2015.symbol.d.ts","/Users/rob/projects/map_example/node_modules/typescript/lib/lib.es2015.symbol.wellknown.d.ts","/Users/rob/projects/map_example/node_modules/typescript/lib/lib.es2016.array.include.d.ts","/Users/rob/projects/map_example/node_modules/typescript/lib/lib.es2016.full.d.ts","/Users/rob/projects/map_example/src/pin.js","/Users/rob/projects/map_example/src/App.js","/Users/rob/projects/map_example/src/reportWebVitals.js","/Users/rob/projects/map_example/src/index.js"],"compilerOptions":{"module":1,"target":3,"jsx":1,"allowJs":true,"allowSyntheticDefaultImports":true,"allowNonTsExtensions":true,"noEmitForJsFiles":true,"maxNodeModuleJsDepth":2},"typeAcquisition":{"enable":true,"include":[],"exclude":[]},"unresolvedImports":["mapbox-gl"],"projectRootPath":"/Users/rob/projects/map_example/src","kind":"discover"}
[11:57:13.934] Explicitly included types: []
[11:57:13.934] Inferred typings from unresolved imports: ["mapbox-gl"]
[11:57:13.934] Result: {"cachedTypingPaths":[],"newTypingNames":["mapbox-gl"],"filesToWatch":["/Users/rob/projects/map_example/src/bower_components","/Users/rob/projects/map_example/src/node_modules"]}
[11:57:13.934] Finished typings discovery: {"cachedTypingPaths":[],"newTypingNames":["mapbox-gl"],"filesToWatch":["/Users/rob/projects/map_example/src/bower_components","/Users/rob/projects/map_example/src/node_modules"]}
[11:57:13.935] Installing typings ["mapbox-gl"]
[11:57:13.935] 'mapbox-gl':: Entry for package 'mapbox-gl' does not exist in local types registry - skipping...
[11:57:13.935] All typings are known to be missing or invalid - no need to install more typings
[11:57:13.935] Sending response:
    {"projectName":"/dev/null/inferredProject2*","typeAcquisition":{"enable":true,"include":[],"exclude":[]},"compilerOptions":{"module":1,"target":3,"jsx":1,"allowJs":true,"allowSyntheticDefaultImports":true,"allowNonTsExtensions":true,"noEmitForJsFiles":true,"maxNodeModuleJsDepth":2},"typings":[],"unresolvedImports":["mapbox-gl"],"kind":"action::set"}
[11:57:13.935] Response has been sent.
