[00:16:38.054] Global cache location '/Users/rob/Library/Caches/typescript/4.6', safe file path '/users/rob/projects/map_example/node_modules/typescript/lib/typingsafelist.json', types map path /users/rob/projects/map_example/node_modules/typescript/lib/typesmap.json
[00:16:38.055] Processing cache location '/Users/rob/Library/Caches/typescript/4.6'
[00:16:38.055] Trying to find '/Users/rob/Library/Caches/typescript/4.6/package.json'...
[00:16:38.055] Finished processing cache location '/Users/rob/Library/Caches/typescript/4.6'
[00:16:38.055] Process id: 40916
[00:16:38.055] NPM location: /opt/homebrew/Cellar/node/17.4.0/bin/npm (explicit '--npmLocation' not  provided)
[00:16:38.055] validateDefaultNpmLocation: false
[00:16:38.055] Npm config file: /Users/rob/Library/Caches/typescript/4.6/package.json
[00:16:38.056] Updating types-registry npm package...
[00:16:38.056] Exec: /opt/homebrew/Cellar/node/17.4.0/bin/npm install --ignore-scripts types-registry@latest
[00:16:38.062]     Failed. stdout:
    stderr:
    /bin/sh: /opt/homebrew/Cellar/node/17.4.0/bin/npm: No such file or directory
    
[00:16:38.062] Updated types-registry npm package
[00:16:38.062] Types registry file '/Users/rob/Library/Caches/typescript/4.6/node_modules/types-registry/index.json' does not exist
[00:16:38.859] Got install request {"projectName":"/dev/null/inferredProject1*","fileNames":["/Users/rob/projects/map_example/node_modules/typescript/lib/lib.es5.d.ts","/Users/rob/projects/map_example/node_modules/typescript/lib/lib.es2015.d.ts","/Users/rob/projects/map_example/node_modules/typescript/lib/lib.es2016.d.ts","/Users/rob/projects/map_example/node_modules/typescript/lib/lib.dom.d.ts","/Users/rob/projects/map_example/node_modules/typescript/lib/lib.dom.iterable.d.ts","/Users/rob/projects/map_example/node_modules/typescript/lib/lib.webworker.importscripts.d.ts","/Users/rob/projects/map_example/node_modules/typescript/lib/lib.scripthost.d.ts","/Users/rob/projects/map_example/node_modules/typescript/lib/lib.es2015.core.d.ts","/Users/rob/projects/map_example/node_modules/typescript/lib/lib.es2015.collection.d.ts","/Users/rob/projects/map_example/node_modules/typescript/lib/lib.es2015.generator.d.ts","/Users/rob/projects/map_example/node_modules/typescript/lib/lib.es2015.iterable.d.ts","/Users/rob/projects/map_example/node_modules/typescript/lib/lib.es2015.promise.d.ts","/Users/rob/projects/map_example/node_modules/typescript/lib/lib.es2015.proxy.d.ts","/Users/rob/projects/map_example/node_modules/typescript/lib/lib.es2015.reflect.d.ts","/Users/rob/projects/map_example/node_modules/typescript/lib/lib.es2015.symbol.d.ts","/Users/rob/projects/map_example/node_modules/typescript/lib/lib.es2015.symbol.wellknown.d.ts","/Users/rob/projects/map_example/node_modules/typescript/lib/lib.es2016.array.include.d.ts","/Users/rob/projects/map_example/node_modules/typescript/lib/lib.es2016.full.d.ts","/Users/rob/projects/map_example/src/pin.js","/Users/rob/projects/map_example/src/App.js"],"compilerOptions":{"module":1,"target":3,"jsx":1,"allowJs":true,"allowSyntheticDefaultImports":true,"allowNonTsExtensions":true,"noEmitForJsFiles":true,"maxNodeModuleJsDepth":2},"typeAcquisition":{"enable":true,"include":[],"exclude":[]},"unresolvedImports":["mapbox-gl"],"projectRootPath":"/Users/rob/projects/map_example/src","kind":"discover"}
[00:16:38.868] Loaded safelist from types map file '/users/rob/projects/map_example/node_modules/typescript/lib/typesmap.json'
[00:16:38.869] Explicitly included types: []
[00:16:38.869] Inferred typings from unresolved imports: ["mapbox-gl"]
[00:16:38.869] Result: {"cachedTypingPaths":[],"newTypingNames":["mapbox-gl"],"filesToWatch":["/Users/rob/projects/map_example/src/bower_components","/Users/rob/projects/map_example/src/node_modules"]}
[00:16:38.869] Finished typings discovery: {"cachedTypingPaths":[],"newTypingNames":["mapbox-gl"],"filesToWatch":["/Users/rob/projects/map_example/src/bower_components","/Users/rob/projects/map_example/src/node_modules"]}
[00:16:38.870] DirectoryWatcher:: Added:: WatchInfo: /Users/rob/projects/map_example/src/bower_components
[00:16:38.870] DirectoryWatcher:: Added:: WatchInfo: /Users/rob/projects/map_example/src/bower_components 1 undefined Project: /dev/null/inferredProject1* watcher already invoked: false
[00:16:38.870] Elapsed:: 0.4276249408721924ms DirectoryWatcher:: Added:: WatchInfo: /Users/rob/projects/map_example/src/bower_components 1 undefined Project: /dev/null/inferredProject1* watcher already invoked: false
[00:16:38.870] DirectoryWatcher:: Added:: WatchInfo: /Users/rob/projects/map_example/src/node_modules
[00:16:38.871] DirectoryWatcher:: Added:: WatchInfo: /Users/rob/projects/map_example/src/node_modules 1 undefined Project: /dev/null/inferredProject1* watcher already invoked: false
[00:16:38.871] Elapsed:: 0.03829193115234375ms DirectoryWatcher:: Added:: WatchInfo: /Users/rob/projects/map_example/src/node_modules 1 undefined Project: /dev/null/inferredProject1* watcher already invoked: false
[00:16:38.871] Installing typings ["mapbox-gl"]
[00:16:38.871] 'mapbox-gl':: Entry for package 'mapbox-gl' does not exist in local types registry - skipping...
[00:16:38.871] All typings are known to be missing or invalid - no need to install more typings
[00:16:38.871] Sending response:
    {"projectName":"/dev/null/inferredProject1*","typeAcquisition":{"enable":true,"include":[],"exclude":[]},"compilerOptions":{"module":1,"target":3,"jsx":1,"allowJs":true,"allowSyntheticDefaultImports":true,"allowNonTsExtensions":true,"noEmitForJsFiles":true,"maxNodeModuleJsDepth":2},"typings":[],"unresolvedImports":["mapbox-gl"],"kind":"action::set"}
[00:16:38.871] Response has been sent.
[00:16:45.597] Got install request {"projectName":"/dev/null/inferredProject1*","fileNames":["/Users/rob/projects/map_example/node_modules/typescript/lib/lib.es5.d.ts","/Users/rob/projects/map_example/node_modules/typescript/lib/lib.es2015.d.ts","/Users/rob/projects/map_example/node_modules/typescript/lib/lib.es2016.d.ts","/Users/rob/projects/map_example/node_modules/typescript/lib/lib.dom.d.ts","/Users/rob/projects/map_example/node_modules/typescript/lib/lib.dom.iterable.d.ts","/Users/rob/projects/map_example/node_modules/typescript/lib/lib.webworker.importscripts.d.ts","/Users/rob/projects/map_example/node_modules/typescript/lib/lib.scripthost.d.ts","/Users/rob/projects/map_example/node_modules/typescript/lib/lib.es2015.core.d.ts","/Users/rob/projects/map_example/node_modules/typescript/lib/lib.es2015.collection.d.ts","/Users/rob/projects/map_example/node_modules/typescript/lib/lib.es2015.generator.d.ts","/Users/rob/projects/map_example/node_modules/typescript/lib/lib.es2015.iterable.d.ts","/Users/rob/projects/map_example/node_modules/typescript/lib/lib.es2015.promise.d.ts","/Users/rob/projects/map_example/node_modules/typescript/lib/lib.es2015.proxy.d.ts","/Users/rob/projects/map_example/node_modules/typescript/lib/lib.es2015.reflect.d.ts","/Users/rob/projects/map_example/node_modules/typescript/lib/lib.es2015.symbol.d.ts","/Users/rob/projects/map_example/node_modules/typescript/lib/lib.es2015.symbol.wellknown.d.ts","/Users/rob/projects/map_example/node_modules/typescript/lib/lib.es2016.array.include.d.ts","/Users/rob/projects/map_example/node_modules/typescript/lib/lib.es2016.full.d.ts","/Users/rob/projects/map_example/src/pin.js","/Users/rob/projects/map_example/src/App.js"],"compilerOptions":{"module":1,"target":3,"jsx":1,"allowJs":true,"allowSyntheticDefaultImports":true,"allowNonTsExtensions":true,"noEmitForJsFiles":true,"maxNodeModuleJsDepth":2},"typeAcquisition":{"enable":true,"include":[],"exclude":[]},"projectRootPath":"/Users/rob/projects/map_example/src","kind":"discover"}
[00:16:45.597] Explicitly included types: []
[00:16:45.598] Result: {"cachedTypingPaths":[],"newTypingNames":[],"filesToWatch":["/Users/rob/projects/map_example/src/bower_components","/Users/rob/projects/map_example/src/node_modules"]}
[00:16:45.598] Finished typings discovery: {"cachedTypingPaths":[],"newTypingNames":[],"filesToWatch":["/Users/rob/projects/map_example/src/bower_components","/Users/rob/projects/map_example/src/node_modules"]}
[00:16:45.598] Sending response:
    {"projectName":"/dev/null/inferredProject1*","typeAcquisition":{"enable":true,"include":[],"exclude":[]},"compilerOptions":{"module":1,"target":3,"jsx":1,"allowJs":true,"allowSyntheticDefaultImports":true,"allowNonTsExtensions":true,"noEmitForJsFiles":true,"maxNodeModuleJsDepth":2},"typings":[],"kind":"action::set"}
[00:16:45.598] Response has been sent.
[00:16:45.598] No new typings were requested as a result of typings discovery
[00:16:49.877] Got install request {"projectName":"/dev/null/inferredProject1*","fileNames":["/Users/rob/projects/map_example/node_modules/typescript/lib/lib.es5.d.ts","/Users/rob/projects/map_example/node_modules/typescript/lib/lib.es2015.d.ts","/Users/rob/projects/map_example/node_modules/typescript/lib/lib.es2016.d.ts","/Users/rob/projects/map_example/node_modules/typescript/lib/lib.dom.d.ts","/Users/rob/projects/map_example/node_modules/typescript/lib/lib.dom.iterable.d.ts","/Users/rob/projects/map_example/node_modules/typescript/lib/lib.webworker.importscripts.d.ts","/Users/rob/projects/map_example/node_modules/typescript/lib/lib.scripthost.d.ts","/Users/rob/projects/map_example/node_modules/typescript/lib/lib.es2015.core.d.ts","/Users/rob/projects/map_example/node_modules/typescript/lib/lib.es2015.collection.d.ts","/Users/rob/projects/map_example/node_modules/typescript/lib/lib.es2015.generator.d.ts","/Users/rob/projects/map_example/node_modules/typescript/lib/lib.es2015.iterable.d.ts","/Users/rob/projects/map_example/node_modules/typescript/lib/lib.es2015.promise.d.ts","/Users/rob/projects/map_example/node_modules/typescript/lib/lib.es2015.proxy.d.ts","/Users/rob/projects/map_example/node_modules/typescript/lib/lib.es2015.reflect.d.ts","/Users/rob/projects/map_example/node_modules/typescript/lib/lib.es2015.symbol.d.ts","/Users/rob/projects/map_example/node_modules/typescript/lib/lib.es2015.symbol.wellknown.d.ts","/Users/rob/projects/map_example/node_modules/typescript/lib/lib.es2016.array.include.d.ts","/Users/rob/projects/map_example/node_modules/typescript/lib/lib.es2016.full.d.ts","/Users/rob/projects/map_example/src/pin.js","/Users/rob/projects/map_example/src/App.js"],"compilerOptions":{"module":1,"target":3,"jsx":1,"allowJs":true,"allowSyntheticDefaultImports":true,"allowNonTsExtensions":true,"noEmitForJsFiles":true,"maxNodeModuleJsDepth":2},"typeAcquisition":{"enable":true,"include":[],"exclude":[]},"projectRootPath":"/Users/rob/projects/map_example/src","kind":"discover"}
[00:16:49.878] Explicitly included types: []
[00:16:49.878] Result: {"cachedTypingPaths":[],"newTypingNames":[],"filesToWatch":["/Users/rob/projects/map_example/src/bower_components","/Users/rob/projects/map_example/src/node_modules"]}
[00:16:49.878] Finished typings discovery: {"cachedTypingPaths":[],"newTypingNames":[],"filesToWatch":["/Users/rob/projects/map_example/src/bower_components","/Users/rob/projects/map_example/src/node_modules"]}
[00:16:49.879] Sending response:
    {"projectName":"/dev/null/inferredProject1*","typeAcquisition":{"enable":true,"include":[],"exclude":[]},"compilerOptions":{"module":1,"target":3,"jsx":1,"allowJs":true,"allowSyntheticDefaultImports":true,"allowNonTsExtensions":true,"noEmitForJsFiles":true,"maxNodeModuleJsDepth":2},"typings":[],"kind":"action::set"}
[00:16:49.879] Response has been sent.
[00:16:49.879] No new typings were requested as a result of typings discovery
[12:17:25.751] Got install request {"projectName":"/dev/null/inferredProject1*","fileNames":["/Users/rob/projects/map_example/node_modules/typescript/lib/lib.es5.d.ts","/Users/rob/projects/map_example/node_modules/typescript/lib/lib.es2015.d.ts","/Users/rob/projects/map_example/node_modules/typescript/lib/lib.es2016.d.ts","/Users/rob/projects/map_example/node_modules/typescript/lib/lib.dom.d.ts","/Users/rob/projects/map_example/node_modules/typescript/lib/lib.dom.iterable.d.ts","/Users/rob/projects/map_example/node_modules/typescript/lib/lib.webworker.importscripts.d.ts","/Users/rob/projects/map_example/node_modules/typescript/lib/lib.scripthost.d.ts","/Users/rob/projects/map_example/node_modules/typescript/lib/lib.es2015.core.d.ts","/Users/rob/projects/map_example/node_modules/typescript/lib/lib.es2015.collection.d.ts","/Users/rob/projects/map_example/node_modules/typescript/lib/lib.es2015.generator.d.ts","/Users/rob/projects/map_example/node_modules/typescript/lib/lib.es2015.iterable.d.ts","/Users/rob/projects/map_example/node_modules/typescript/lib/lib.es2015.promise.d.ts","/Users/rob/projects/map_example/node_modules/typescript/lib/lib.es2015.proxy.d.ts","/Users/rob/projects/map_example/node_modules/typescript/lib/lib.es2015.reflect.d.ts","/Users/rob/projects/map_example/node_modules/typescript/lib/lib.es2015.symbol.d.ts","/Users/rob/projects/map_example/node_modules/typescript/lib/lib.es2015.symbol.wellknown.d.ts","/Users/rob/projects/map_example/node_modules/typescript/lib/lib.es2016.array.include.d.ts","/Users/rob/projects/map_example/node_modules/typescript/lib/lib.es2016.full.d.ts","/Users/rob/projects/map_example/src/pin.js","/Users/rob/projects/map_example/src/App.js"],"compilerOptions":{"module":1,"target":3,"jsx":1,"allowJs":true,"allowSyntheticDefaultImports":true,"allowNonTsExtensions":true,"noEmitForJsFiles":true,"maxNodeModuleJsDepth":2},"typeAcquisition":{"enable":true,"include":[],"exclude":[]},"unresolvedImports":["mapbox-gl"],"projectRootPath":"/Users/rob/projects/map_example/src","kind":"discover"}
[12:17:25.752] Explicitly included types: []
[12:17:25.752] Inferred typings from unresolved imports: ["mapbox-gl"]
[12:17:25.752] Result: {"cachedTypingPaths":[],"newTypingNames":["mapbox-gl"],"filesToWatch":["/Users/rob/projects/map_example/src/bower_components","/Users/rob/projects/map_example/src/node_modules"]}
[12:17:25.752] Finished typings discovery: {"cachedTypingPaths":[],"newTypingNames":["mapbox-gl"],"filesToWatch":["/Users/rob/projects/map_example/src/bower_components","/Users/rob/projects/map_example/src/node_modules"]}
[12:17:25.753] Installing typings ["mapbox-gl"]
[12:17:25.753] 'mapbox-gl':: Entry for package 'mapbox-gl' does not exist in local types registry - skipping...
[12:17:25.753] All typings are known to be missing or invalid - no need to install more typings
[12:17:25.753] Sending response:
    {"projectName":"/dev/null/inferredProject1*","typeAcquisition":{"enable":true,"include":[],"exclude":[]},"compilerOptions":{"module":1,"target":3,"jsx":1,"allowJs":true,"allowSyntheticDefaultImports":true,"allowNonTsExtensions":true,"noEmitForJsFiles":true,"maxNodeModuleJsDepth":2},"typings":[],"unresolvedImports":["mapbox-gl"],"kind":"action::set"}
[12:17:25.753] Response has been sent.
